2011-09-06 19:15:09 Warning: Warning (512): DbAcl::allow() - Invalid node in [/Users/margalus/Sites/cakephp/cake/libs/controller/components/acl.php, line 361]
2011-09-07 12:49:24 Warning: Warning (2): Cannot modify header information - headers already sent by (output started at /Users/margalus/Sites/cakephp/cake/libs/debugger.php:683) in [/Users/margalus/Sites/cakephp/cake/libs/controller/controller.php, line 742]
2011-09-07 13:01:38 Warning: Warning (512): <span style="color:Red;text-align:left"><b>SQL Error:</b> 1064: You have an error in your SQL syntax; check the manual that corresponds to your MySQL server version for the right syntax to use near 'showmy' at line 1</span> in [/Users/margalus/Sites/cakephp/cake/libs/model/datasources/dbo_source.php, line 684]
2011-09-07 15:30:05 Warning: Warning (2): Invalid argument supplied for foreach() in [/Users/margalus/Sites/usrail/views/pages/home.ctp, line 3]
2011-09-07 15:30:19 Warning: Warning (2): Invalid argument supplied for foreach() in [/Users/margalus/Sites/usrail/views/pages/home.ctp, line 3]
2011-09-07 15:30:25 Warning: Warning (2): Invalid argument supplied for foreach() in [/Users/margalus/Sites/usrail/views/pages/home.ctp, line 3]
2011-09-07 17:33:33 Warning: Warning (512): <span style="color:Red;text-align:left"><b>SQL Error:</b> 1146: Table 'usrail.registers' doesn't exist</span> in [/Users/margalus/Sites/cakephp/cake/libs/model/datasources/dbo_source.php, line 684]
2011-09-07 17:34:07 Warning: Warning (512): <span style="color:Red;text-align:left"><b>SQL Error:</b> 1146: Table 'usrail.registers' doesn't exist</span> in [/Users/margalus/Sites/cakephp/cake/libs/model/datasources/dbo_source.php, line 684]
2011-09-07 17:49:02 Warning: Warning (2): Cannot modify header information - headers already sent by (output started at /Users/margalus/Sites/cakephp/cake/libs/debugger.php:683) in [/Users/margalus/Sites/cakephp/cake/libs/controller/controller.php, line 742]
2011-09-07 22:54:46 Warning: Warning (2): Missing argument 1 for RegistersController::add() in [/Users/margalus/Sites/usrail/controllers/registers_controller.php, line 15]
2011-09-07 23:05:19 Warning: Warning (2): Missing argument 1 for RegistersController::add() in [/Users/margalus/Sites/usrail/controllers/registers_controller.php, line 15]
2011-09-07 23:06:12 Warning: Warning (2): Missing argument 1 for RegistersController::add() in [/Users/margalus/Sites/usrail/controllers/registers_controller.php, line 15]
2011-09-08 09:38:59 Warning: Warning (512): <span style="color:Red;text-align:left"><b>SQL Error:</b> 1054: Unknown column 'Post.name' in 'field list'</span> in [/Users/margalus/Sites/cakephp/cake/libs/model/datasources/dbo_source.php, line 684]
2011-09-08 09:39:10 Warning: Warning (512): <span style="color:Red;text-align:left"><b>SQL Error:</b> 1054: Unknown column 'Post.name' in 'field list'</span> in [/Users/margalus/Sites/cakephp/cake/libs/model/datasources/dbo_source.php, line 684]
2011-09-08 09:39:12 Warning: Warning (512): <span style="color:Red;text-align:left"><b>SQL Error:</b> 1054: Unknown column 'Post.name' in 'field list'</span> in [/Users/margalus/Sites/cakephp/cake/libs/model/datasources/dbo_source.php, line 684]
2011-09-08 09:39:14 Warning: Warning (512): <span style="color:Red;text-align:left"><b>SQL Error:</b> 1054: Unknown column 'Post.name' in 'field list'</span> in [/Users/margalus/Sites/cakephp/cake/libs/model/datasources/dbo_source.php, line 684]
2011-09-08 09:40:21 Warning: Warning (512): <span style="color:Red;text-align:left"><b>SQL Error:</b> 1054: Unknown column 'Post.name' in 'field list'</span> in [/Users/margalus/Sites/cakephp/cake/libs/model/datasources/dbo_source.php, line 684]
2011-09-08 09:40:47 Warning: Warning (512): <span style="color:Red;text-align:left"><b>SQL Error:</b> 1054: Unknown column 'Post.name' in 'field list'</span> in [/Users/margalus/Sites/cakephp/cake/libs/model/datasources/dbo_source.php, line 684]
2011-09-08 09:41:16 Warning: Warning (512): <span style="color:Red;text-align:left"><b>SQL Error:</b> 1054: Unknown column 'Post.name' in 'field list'</span> in [/Users/margalus/Sites/cakephp/cake/libs/model/datasources/dbo_source.php, line 684]
2011-09-08 09:41:16 Warning: Warning (2): array_keys() [<a href='http://php.net/function.array-keys'>function.array-keys</a>]: The first argument should be an array in [/Users/margalus/Sites/cakephp/cake/libs/view/helpers/form.php, line 623]
2011-09-08 09:41:16 Warning: Warning (2): Invalid argument supplied for foreach() in [/Users/margalus/Sites/cakephp/cake/libs/view/helpers/form.php, line 640]
2011-09-08 09:43:24 Warning: Warning (512): <span style="color:Red;text-align:left"><b>SQL Error:</b> 1054: Unknown column 'Post.name' in 'field list'</span> in [/Users/margalus/Sites/cakephp/cake/libs/model/datasources/dbo_source.php, line 684]
2011-09-08 09:43:24 Warning: Warning (2): array_keys() [<a href='http://php.net/function.array-keys'>function.array-keys</a>]: The first argument should be an array in [/Users/margalus/Sites/cakephp/cake/libs/view/helpers/form.php, line 623]
2011-09-08 09:43:24 Warning: Warning (2): Invalid argument supplied for foreach() in [/Users/margalus/Sites/cakephp/cake/libs/view/helpers/form.php, line 640]
2011-09-08 09:43:36 Warning: Warning (512): <span style="color:Red;text-align:left"><b>SQL Error:</b> 1054: Unknown column 'Post.name' in 'field list'</span> in [/Users/margalus/Sites/cakephp/cake/libs/model/datasources/dbo_source.php, line 684]
2011-09-08 09:44:19 Warning: Warning (512): <span style="color:Red;text-align:left"><b>SQL Error:</b> 1054: Unknown column 'Post.name' in 'field list'</span> in [/Users/margalus/Sites/cakephp/cake/libs/model/datasources/dbo_source.php, line 684]
2011-09-08 09:44:33 Warning: Warning (512): <span style="color:Red;text-align:left"><b>SQL Error:</b> 1054: Unknown column 'Post.name' in 'field list'</span> in [/Users/margalus/Sites/cakephp/cake/libs/model/datasources/dbo_source.php, line 684]
2011-09-08 09:46:38 Warning: Warning (512): <span style="color:Red;text-align:left"><b>SQL Error:</b> 1054: Unknown column 'Post.name' in 'field list'</span> in [/Users/margalus/Sites/cakephp/cake/libs/model/datasources/dbo_source.php, line 684]
2011-09-08 09:48:27 Warning: Warning (512): <span style="color:Red;text-align:left"><b>SQL Error:</b> 1054: Unknown column 'Post.name' in 'field list'</span> in [/Users/margalus/Sites/cakephp/cake/libs/model/datasources/dbo_source.php, line 684]
2011-09-08 09:48:48 Warning: Warning (512): <span style="color:Red;text-align:left"><b>SQL Error:</b> 1054: Unknown column 'Post.name' in 'field list'</span> in [/Users/margalus/Sites/cakephp/cake/libs/model/datasources/dbo_source.php, line 684]
2011-09-08 09:49:03 Warning: Warning (512): <span style="color:Red;text-align:left"><b>SQL Error:</b> 1054: Unknown column 'Post.name' in 'field list'</span> in [/Users/margalus/Sites/cakephp/cake/libs/model/datasources/dbo_source.php, line 684]
2011-09-08 09:49:04 Warning: Warning (512): <span style="color:Red;text-align:left"><b>SQL Error:</b> 1054: Unknown column 'Post.name' in 'field list'</span> in [/Users/margalus/Sites/cakephp/cake/libs/model/datasources/dbo_source.php, line 684]
2011-09-08 09:57:27 Warning: Warning (512): <span style="color:Red;text-align:left"><b>SQL Error:</b> 1054: Unknown column 'Post.name' in 'field list'</span> in [/Users/margalus/Sites/cakephp/cake/libs/model/datasources/dbo_source.php, line 684]
2011-09-08 10:15:01 Warning: Warning (2): Missing argument 1 for PostsController::_email(), called in /Users/margalus/Sites/usrail/controllers/posts_controller.php on line 22 and defined in [/Users/margalus/Sites/usrail/controllers/posts_controller.php, line 72]
2011-09-08 10:15:28 Warning: Warning (2): Missing argument 1 for PostsController::_email(), called in /Users/margalus/Sites/usrail/controllers/posts_controller.php on line 22 and defined in [/Users/margalus/Sites/usrail/controllers/posts_controller.php, line 72]
2011-09-08 10:15:40 Warning: Warning (2): Missing argument 1 for PostsController::_email(), called in /Users/margalus/Sites/usrail/controllers/posts_controller.php on line 22 and defined in [/Users/margalus/Sites/usrail/controllers/posts_controller.php, line 72]
2011-09-08 10:15:58 Warning: Warning (2): Missing argument 1 for PostsController::_email(), called in /Users/margalus/Sites/usrail/controllers/posts_controller.php on line 22 and defined in [/Users/margalus/Sites/usrail/controllers/posts_controller.php, line 72]
2011-09-08 10:18:05 Warning: Warning (2): Missing argument 1 for PostsController::_email(), called in /Users/margalus/Sites/usrail/controllers/posts_controller.php on line 22 and defined in [/Users/margalus/Sites/usrail/controllers/posts_controller.php, line 72]
2011-09-08 10:19:11 Warning: Warning (2): Missing argument 1 for PostsController::_email(), called in /Users/margalus/Sites/usrail/controllers/posts_controller.php on line 22 and defined in [/Users/margalus/Sites/usrail/controllers/posts_controller.php, line 72]
2011-09-08 10:21:37 Warning: Warning (2): Missing argument 1 for PostsController::_email(), called in /Users/margalus/Sites/usrail/controllers/posts_controller.php on line 22 and defined in [/Users/margalus/Sites/usrail/controllers/posts_controller.php, line 72]
2011-09-08 10:24:07 Warning: Warning (2): Missing argument 1 for PostsController::_email(), called in /Users/margalus/Sites/usrail/controllers/posts_controller.php on line 22 and defined in [/Users/margalus/Sites/usrail/controllers/posts_controller.php, line 72]
2011-09-08 11:26:31 Warning: Warning (512): DbAcl::check() - Failed ARO/ACO node lookup in permissions check.  Node references:
Aro: Array
(
    [User] => Array
        (
            [id] => 2
            [username] => test_buyer
            [group_id] => 2
            [email] => jay.margalus@gmail.com
            [first_name] => Jay
            [last_name] => Margalus
        )

)

Aco: controllers/Bids/view in [/Users/margalus/Sites/cakephp/cake/libs/controller/components/acl.php, line 273]
2011-09-08 11:26:31 Warning: Warning (2): Cannot modify header information - headers already sent by (output started at /Users/margalus/Sites/cakephp/cake/libs/debugger.php:683) in [/Users/margalus/Sites/cakephp/cake/libs/controller/controller.php, line 742]
2011-09-08 14:39:35 Warning: Warning (512): DbAcl::check() - Failed ARO/ACO node lookup in permissions check.  Node references:
Aro: Array
(
    [User] => Array
        (
            [id] => 2
            [username] => test_buyer
            [group_id] => 2
            [email] => jay.margalus@gmail.com
            [first_name] => Jay
            [last_name] => Margalus
        )

)

Aco: controllers/Bids/view in [/Users/margalus/Sites/cakephp/cake/libs/controller/components/acl.php, line 273]
2011-09-08 14:39:35 Warning: Warning (2): Cannot modify header information - headers already sent by (output started at /Users/margalus/Sites/cakephp/cake/libs/debugger.php:683) in [/Users/margalus/Sites/cakephp/cake/libs/controller/controller.php, line 742]
2011-09-08 14:42:03 Warning: Warning (512): DbAcl::check() - Failed ARO/ACO node lookup in permissions check.  Node references:
Aro: Array
(
    [User] => Array
        (
            [id] => 2
            [username] => test_buyer
            [group_id] => 2
            [email] => jay.margalus@gmail.com
            [first_name] => Jay
            [last_name] => Margalus
        )

)

Aco: controllers/Bids/view in [/Users/margalus/Sites/cakephp/cake/libs/controller/components/acl.php, line 273]
2011-09-08 14:42:03 Warning: Warning (2): Cannot modify header information - headers already sent by (output started at /Users/margalus/Sites/cakephp/cake/libs/debugger.php:683) in [/Users/margalus/Sites/cakephp/cake/libs/controller/controller.php, line 742]
2011-09-08 14:43:12 Warning: Warning (512): DbAcl::check() - Failed ARO/ACO node lookup in permissions check.  Node references:
Aro: Array
(
    [User] => Array
        (
            [id] => 2
            [username] => test_buyer
            [group_id] => 2
            [email] => jay.margalus@gmail.com
            [first_name] => Jay
            [last_name] => Margalus
        )

)

Aco: controllers/Bids/view in [/Users/margalus/Sites/cakephp/cake/libs/controller/components/acl.php, line 273]
2011-09-08 14:43:12 Warning: Warning (2): Cannot modify header information - headers already sent by (output started at /Users/margalus/Sites/cakephp/cake/libs/debugger.php:683) in [/Users/margalus/Sites/cakephp/cake/libs/controller/controller.php, line 742]
2011-09-08 15:05:09 Warning: Warning (512): DbAcl::check() - Failed ARO/ACO node lookup in permissions check.  Node references:
Aro: Array
(
    [User] => Array
        (
            [id] => 2
            [username] => test_buyer
            [group_id] => 2
            [email] => jay.margalus@gmail.com
            [first_name] => Jay
            [last_name] => Margalus
        )

)

Aco: controllers/Bids/view in [/Users/margalus/Sites/cakephp/cake/libs/controller/components/acl.php, line 273]
2011-09-08 15:05:09 Warning: Warning (2): Cannot modify header information - headers already sent by (output started at /Users/margalus/Sites/cakephp/cake/libs/debugger.php:683) in [/Users/margalus/Sites/cakephp/cake/libs/controller/controller.php, line 742]
2011-09-08 15:05:09 Warning: Warning (512): DbAcl::check() - Failed ARO/ACO node lookup in permissions check.  Node references:
Aro: Array
(
    [User] => Array
        (
            [id] => 2
            [username] => test_buyer
            [group_id] => 2
            [email] => jay.margalus@gmail.com
            [first_name] => Jay
            [last_name] => Margalus
        )

)

Aco: controllers/Bids/view in [/Users/margalus/Sites/cakephp/cake/libs/controller/components/acl.php, line 273]
2011-09-08 15:05:09 Warning: Warning (2): Cannot modify header information - headers already sent by (output started at /Users/margalus/Sites/cakephp/cake/libs/debugger.php:683) in [/Users/margalus/Sites/cakephp/cake/libs/controller/controller.php, line 742]
2011-09-18 10:07:21 Warning: Warning (512): DbAcl::check() - Failed ARO/ACO node lookup in permissions check.  Node references:
Aro: Array
(
    [User] => Array
        (
            [id] => 2
            [username] => test_buyer
            [group_id] => 2
            [email] => jay.margalus@gmail.com
            [first_name] => Jay
            [last_name] => Margalus
        )

)

Aco: controllers/Bids/view in [/Users/margalus/Sites/cakephp/cake/libs/controller/components/acl.php, line 273]
2011-09-18 10:07:21 Warning: Warning (2): Cannot modify header information - headers already sent by (output started at /Users/margalus/Sites/cakephp/cake/libs/debugger.php:683) in [/Users/margalus/Sites/cakephp/cake/libs/controller/controller.php, line 742]
2011-09-25 23:03:32 Warning: Warning (512): DbAcl::check() - Failed ARO/ACO node lookup in permissions check.  Node references:
Aro: Array
(
    [User] => Array
        (
            [id] => 2
            [username] => test_buyer
            [group_id] => 2
            [email] => jay.margalus@gmail.com
            [first_name] => Jay
            [last_name] => Margalus
        )

)

Aco: controllers/Bids/view in [/Users/margalus/Sites/cakephp/cake/libs/controller/components/acl.php, line 273]
2011-09-25 23:03:32 Warning: Warning (2): Cannot modify header information - headers already sent by (output started at /Users/margalus/Sites/cakephp/cake/libs/debugger.php:683) in [/Users/margalus/Sites/cakephp/cake/libs/controller/controller.php, line 742]
2011-09-25 23:13:17 Warning: Warning (2): array_keys() [<a href='http://php.net/function.array-keys'>function.array-keys</a>]: The first argument should be an array in [/Users/margalus/Sites/cakephp/cake/libs/view/helpers/form.php, line 623]
2011-09-25 23:13:17 Warning: Warning (2): Invalid argument supplied for foreach() in [/Users/margalus/Sites/cakephp/cake/libs/view/helpers/form.php, line 640]
2011-09-25 23:13:18 Warning: Warning (2): array_keys() [<a href='http://php.net/function.array-keys'>function.array-keys</a>]: The first argument should be an array in [/Users/margalus/Sites/cakephp/cake/libs/view/helpers/form.php, line 623]
2011-09-25 23:13:18 Warning: Warning (2): Invalid argument supplied for foreach() in [/Users/margalus/Sites/cakephp/cake/libs/view/helpers/form.php, line 640]
2011-09-25 23:18:35 Warning: Warning (2): array_keys() [<a href='http://php.net/function.array-keys'>function.array-keys</a>]: The first argument should be an array in [/Users/margalus/Sites/cakephp/cake/libs/view/helpers/form.php, line 623]
2011-09-25 23:18:35 Warning: Warning (2): Invalid argument supplied for foreach() in [/Users/margalus/Sites/cakephp/cake/libs/view/helpers/form.php, line 640]
2011-09-25 23:25:41 Warning: Warning (512): DbAcl::check() - Failed ARO/ACO node lookup in permissions check.  Node references:
Aro: Array
(
    [User] => Array
        (
            [id] => 2
            [username] => test_buyer
            [group_id] => 2
            [email] => jay.margalus@gmail.com
            [first_name] => Jay
            [last_name] => Margalus
        )

)

Aco: controllers/Bids/view in [/Users/margalus/Sites/cakephp/cake/libs/controller/components/acl.php, line 273]
2011-09-25 23:25:41 Warning: Warning (2): Cannot modify header information - headers already sent by (output started at /Users/margalus/Sites/cakephp/cake/libs/debugger.php:683) in [/Users/margalus/Sites/cakephp/cake/libs/controller/controller.php, line 742]
2011-09-25 23:28:01 Warning: Warning (512): DbAcl::check() - Failed ARO/ACO node lookup in permissions check.  Node references:
Aro: Array
(
    [User] => Array
        (
            [id] => 2
            [username] => test_buyer
            [group_id] => 2
            [email] => jay.margalus@gmail.com
            [first_name] => Jay
            [last_name] => Margalus
        )

)

Aco: controllers/Bids/view in [/Users/margalus/Sites/cakephp/cake/libs/controller/components/acl.php, line 273]
2011-09-25 23:28:01 Warning: Warning (2): Cannot modify header information - headers already sent by (output started at /Users/margalus/Sites/cakephp/cake/libs/debugger.php:683) in [/Users/margalus/Sites/cakephp/cake/libs/controller/controller.php, line 742]
2011-09-25 23:28:09 Warning: Warning (512): DbAcl::check() - Failed ARO/ACO node lookup in permissions check.  Node references:
Aro: Array
(
    [User] => Array
        (
            [id] => 2
            [username] => test_buyer
            [group_id] => 2
            [email] => jay.margalus@gmail.com
            [first_name] => Jay
            [last_name] => Margalus
        )

)

Aco: controllers/Bids/view in [/Users/margalus/Sites/cakephp/cake/libs/controller/components/acl.php, line 273]
2011-09-25 23:28:09 Warning: Warning (2): Cannot modify header information - headers already sent by (output started at /Users/margalus/Sites/cakephp/cake/libs/debugger.php:683) in [/Users/margalus/Sites/cakephp/cake/libs/controller/controller.php, line 742]
2011-09-25 23:35:20 Warning: Warning (512): DbAcl::check() - Failed ARO/ACO node lookup in permissions check.  Node references:
Aro: Array
(
    [User] => Array
        (
            [id] => 2
            [username] => test_buyer
            [group_id] => 2
            [email] => jay.margalus@gmail.com
            [first_name] => Jay
            [last_name] => Margalus
        )

)

Aco: controllers/Bids/view in [/Users/margalus/Sites/cakephp/cake/libs/controller/components/acl.php, line 273]
2011-09-25 23:35:20 Warning: Warning (2): Cannot modify header information - headers already sent by (output started at /Users/margalus/Sites/cakephp/cake/libs/debugger.php:683) in [/Users/margalus/Sites/cakephp/cake/libs/controller/controller.php, line 742]
2011-09-25 23:35:27 Warning: Warning (512): DbAcl::check() - Failed ARO/ACO node lookup in permissions check.  Node references:
Aro: Array
(
    [User] => Array
        (
            [id] => 2
            [username] => test_buyer
            [group_id] => 2
            [email] => jay.margalus@gmail.com
            [first_name] => Jay
            [last_name] => Margalus
        )

)

Aco: controllers/Bids/view in [/Users/margalus/Sites/cakephp/cake/libs/controller/components/acl.php, line 273]
2011-09-25 23:35:27 Warning: Warning (2): Cannot modify header information - headers already sent by (output started at /Users/margalus/Sites/cakephp/cake/libs/debugger.php:683) in [/Users/margalus/Sites/cakephp/cake/libs/controller/controller.php, line 742]
2011-09-26 01:06:41 Warning: Warning (512): DbAcl::check() - Failed ARO/ACO node lookup in permissions check.  Node references:
Aro: Array
(
    [User] => Array
        (
            [id] => 2
            [username] => test_buyer
            [group_id] => 2
            [email] => jay.margalus@gmail.com
            [first_name] => Jay
            [last_name] => Margalus
        )

)

Aco: controllers/Groups/build_acl in [/Users/margalus/Sites/cakephp/cake/libs/controller/components/acl.php, line 273]
2011-09-26 01:06:41 Warning: Warning (2): Cannot modify header information - headers already sent by (output started at /Users/margalus/Sites/cakephp/cake/libs/debugger.php:683) in [/Users/margalus/Sites/cakephp/cake/libs/controller/controller.php, line 742]
2011-09-26 01:09:12 Warning: Warning (512): DbAcl::check() - Failed ARO/ACO node lookup in permissions check.  Node references:
Aro: Array
(
    [User] => Array
        (
            [id] => 2
            [username] => test_buyer
            [group_id] => 2
            [email] => jay.margalus@gmail.com
            [first_name] => Jay
            [last_name] => Margalus
        )

)

Aco: controllers/Bids/view in [/Users/margalus/Sites/cakephp/cake/libs/controller/components/acl.php, line 273]
2011-09-26 01:09:12 Warning: Warning (2): Cannot modify header information - headers already sent by (output started at /Users/margalus/Sites/cakephp/cake/libs/debugger.php:683) in [/Users/margalus/Sites/cakephp/cake/libs/controller/controller.php, line 742]
2011-09-26 01:09:35 Warning: Warning (512): DbAcl::check() - Failed ARO/ACO node lookup in permissions check.  Node references:
Aro: Array
(
    [User] => Array
        (
            [id] => 2
            [username] => test_buyer
            [group_id] => 2
            [email] => jay.margalus@gmail.com
            [first_name] => Jay
            [last_name] => Margalus
        )

)

Aco: controllers/Bids/view in [/Users/margalus/Sites/cakephp/cake/libs/controller/components/acl.php, line 273]
2011-09-26 01:09:35 Warning: Warning (2): Cannot modify header information - headers already sent by (output started at /Users/margalus/Sites/cakephp/cake/libs/debugger.php:683) in [/Users/margalus/Sites/cakephp/cake/libs/controller/controller.php, line 742]
2011-09-26 01:24:17 Warning: Warning (512): DbAcl::check() - Failed ARO/ACO node lookup in permissions check.  Node references:
Aro: Array
(
    [User] => Array
        (
            [id] => 2
            [username] => test_buyer
            [group_id] => 2
            [email] => jay.margalus@gmail.com
            [first_name] => Jay
            [last_name] => Margalus
        )

)

Aco: controllers/Groups/build_acl in [/Users/margalus/Sites/cakephp/cake/libs/controller/components/acl.php, line 273]
2011-09-26 01:24:17 Warning: Warning (2): Cannot modify header information - headers already sent by (output started at /Users/margalus/Sites/cakephp/cake/libs/debugger.php:683) in [/Users/margalus/Sites/cakephp/cake/libs/controller/controller.php, line 742]
2011-09-26 09:31:06 Warning: Warning (512): DbAcl::check() - Failed ARO/ACO node lookup in permissions check.  Node references:
Aro: Array
(
    [User] => Array
        (
            [id] => 1
            [username] => jmargalus
            [group_id] => 1
            [email] => jay@polymathworkshop.com
            [first_name] => Jay
            [last_name] => Margalus
        )

)

Aco: controllers/Groups/build_acl in [/Users/margalus/Sites/cakephp/cake/libs/controller/components/acl.php, line 273]
2011-09-26 09:31:06 Warning: Warning (2): Cannot modify header information - headers already sent by (output started at /Users/margalus/Sites/cakephp/cake/libs/debugger.php:683) in [/Users/margalus/Sites/cakephp/cake/libs/controller/controller.php, line 742]
2011-09-26 09:31:08 Warning: Warning (512): DbAcl::check() - Failed ARO/ACO node lookup in permissions check.  Node references:
Aro: Array
(
    [User] => Array
        (
            [id] => 1
            [username] => jmargalus
            [group_id] => 1
            [email] => jay@polymathworkshop.com
            [first_name] => Jay
            [last_name] => Margalus
        )

)

Aco: controllers/Groups/build_acl in [/Users/margalus/Sites/cakephp/cake/libs/controller/components/acl.php, line 273]
2011-09-26 09:31:08 Warning: Warning (2): Cannot modify header information - headers already sent by (output started at /Users/margalus/Sites/cakephp/cake/libs/debugger.php:683) in [/Users/margalus/Sites/cakephp/cake/libs/controller/controller.php, line 742]
2011-09-26 10:08:20 Warning: Warning (512): DbAcl::check() - Failed ARO/ACO node lookup in permissions check.  Node references:
Aro: Array
(
    [User] => Array
        (
            [id] => 1
            [username] => jmargalus
            [group_id] => 1
            [email] => jay@polymathworkshop.com
            [first_name] => Jay
            [last_name] => Margalus
        )

)

Aco: controllers/Groups/build_acl in [/Users/margalus/Sites/cakephp/cake/libs/controller/components/acl.php, line 273]
2011-09-26 10:08:20 Warning: Warning (2): Cannot modify header information - headers already sent by (output started at /Users/margalus/Sites/cakephp/cake/libs/debugger.php:683) in [/Users/margalus/Sites/cakephp/cake/libs/controller/controller.php, line 742]
2011-09-26 12:09:50 Warning: Warning (512): DbAcl::check() - Failed ARO/ACO node lookup in permissions check.  Node references:
Aro: Array
(
    [User] => Array
        (
            [id] => 1
            [username] => jmargalus
            [group_id] => 1
            [email] => jay@polymathworkshop.com
            [first_name] => Jay
            [last_name] => Margalus
        )

)

Aco: controllers/Groups/build_acl in [/Users/margalus/Sites/cakephp/cake/libs/controller/components/acl.php, line 273]
2011-09-26 12:09:50 Warning: Warning (2): Cannot modify header information - headers already sent by (output started at /Users/margalus/Sites/cakephp/cake/libs/debugger.php:683) in [/Users/margalus/Sites/cakephp/cake/libs/controller/controller.php, line 742]
2011-09-27 12:59:59 Warning: Warning (512): DbAcl::check() - Failed ARO/ACO node lookup in permissions check.  Node references:
Aro: Array
(
    [User] => Array
        (
            [id] => 1
            [username] => jmargalus
            [group_id] => 1
            [email] => jay@polymathworkshop.com
            [first_name] => Jay
            [last_name] => Margalus
        )

)

Aco: controllers/Users/initdb in [/Users/margalus/Sites/cakephp/cake/libs/controller/components/acl.php, line 273]
2011-09-27 12:59:59 Warning: Warning (2): Cannot modify header information - headers already sent by (output started at /Users/margalus/Sites/cakephp/cake/libs/debugger.php:683) in [/Users/margalus/Sites/cakephp/cake/libs/controller/controller.php, line 742]
2011-09-27 13:00:02 Warning: Warning (512): DbAcl::check() - Failed ARO/ACO node lookup in permissions check.  Node references:
Aro: Array
(
    [User] => Array
        (
            [id] => 1
            [username] => jmargalus
            [group_id] => 1
            [email] => jay@polymathworkshop.com
            [first_name] => Jay
            [last_name] => Margalus
        )

)

Aco: controllers/Users/initdb in [/Users/margalus/Sites/cakephp/cake/libs/controller/components/acl.php, line 273]
2011-09-27 13:00:02 Warning: Warning (2): Cannot modify header information - headers already sent by (output started at /Users/margalus/Sites/cakephp/cake/libs/debugger.php:683) in [/Users/margalus/Sites/cakephp/cake/libs/controller/controller.php, line 742]
2011-09-27 13:02:25 Warning: Warning (512): DbAcl::check() - Failed ARO/ACO node lookup in permissions check.  Node references:
Aro: Array
(
    [User] => Array
        (
            [id] => 1
            [username] => jmargalus
            [group_id] => 1
            [email] => jay@polymathworkshop.com
            [first_name] => Jay
            [last_name] => Margalus
        )

)

Aco: controllers/Users/initdb in [/Users/margalus/Sites/cakephp/cake/libs/controller/components/acl.php, line 273]
2011-09-27 13:02:25 Warning: Warning (2): Cannot modify header information - headers already sent by (output started at /Users/margalus/Sites/cakephp/cake/libs/debugger.php:683) in [/Users/margalus/Sites/cakephp/cake/libs/controller/controller.php, line 742]
2011-09-27 13:10:25 Warning: Warning (512): DbAcl::check() - Failed ARO/ACO node lookup in permissions check.  Node references:
Aro: Array
(
    [User] => Array
        (
            [id] => 1
            [username] => jmargalus
            [group_id] => 1
            [email] => jay@polymathworkshop.com
            [first_name] => Jay
            [last_name] => Margalus
        )

)

Aco: controllers/Users/initdb in [/Users/margalus/Sites/cakephp/cake/libs/controller/components/acl.php, line 273]
2011-09-27 13:10:25 Warning: Warning (2): Cannot modify header information - headers already sent by (output started at /Users/margalus/Sites/cakephp/cake/libs/debugger.php:683) in [/Users/margalus/Sites/cakephp/cake/libs/controller/controller.php, line 742]
2011-09-27 13:10:29 Warning: Warning (512): DbAcl::check() - Failed ARO/ACO node lookup in permissions check.  Node references:
Aro: Array
(
    [User] => Array
        (
            [id] => 1
            [username] => jmargalus
            [group_id] => 1
            [email] => jay@polymathworkshop.com
            [first_name] => Jay
            [last_name] => Margalus
        )

)

Aco: controllers/Users/initdb in [/Users/margalus/Sites/cakephp/cake/libs/controller/components/acl.php, line 273]
2011-09-27 13:10:29 Warning: Warning (2): Cannot modify header information - headers already sent by (output started at /Users/margalus/Sites/cakephp/cake/libs/debugger.php:683) in [/Users/margalus/Sites/cakephp/cake/libs/controller/controller.php, line 742]
2011-09-27 13:11:24 Warning: Warning (512): DbAcl::check() - Failed ARO/ACO node lookup in permissions check.  Node references:
Aro: Array
(
    [User] => Array
        (
            [id] => 1
            [username] => jmargalus
            [group_id] => 1
            [email] => jay@polymathworkshop.com
            [first_name] => Jay
            [last_name] => Margalus
        )

)

Aco: controllers/Users/initdb in [/Users/margalus/Sites/cakephp/cake/libs/controller/components/acl.php, line 273]
2011-09-27 13:11:24 Warning: Warning (2): Cannot modify header information - headers already sent by (output started at /Users/margalus/Sites/cakephp/cake/libs/debugger.php:683) in [/Users/margalus/Sites/cakephp/cake/libs/controller/controller.php, line 742]
2011-09-27 13:13:51 Warning: Warning (512): DbAcl::check() - Failed ARO/ACO node lookup in permissions check.  Node references:
Aro: Array
(
    [User] => Array
        (
            [id] => 1
            [username] => jmargalus
            [group_id] => 1
            [email] => jay@polymathworkshop.com
            [first_name] => Jay
            [last_name] => Margalus
        )

)

Aco: controllers/Users/initdb in [/Users/margalus/Sites/cakephp/cake/libs/controller/components/acl.php, line 273]
2011-09-27 13:13:51 Warning: Warning (2): Cannot modify header information - headers already sent by (output started at /Users/margalus/Sites/cakephp/cake/libs/debugger.php:683) in [/Users/margalus/Sites/cakephp/cake/libs/controller/controller.php, line 742]
2011-09-27 13:14:05 Warning: Warning (512): DbAcl::check() - Failed ARO/ACO node lookup in permissions check.  Node references:
Aro: Array
(
    [User] => Array
        (
            [id] => 1
            [username] => jmargalus
            [group_id] => 1
            [email] => jay@polymathworkshop.com
            [first_name] => Jay
            [last_name] => Margalus
        )

)

Aco: controllers/Users/initdb in [/Users/margalus/Sites/cakephp/cake/libs/controller/components/acl.php, line 273]
2011-09-27 13:14:05 Warning: Warning (2): Cannot modify header information - headers already sent by (output started at /Users/margalus/Sites/cakephp/cake/libs/debugger.php:683) in [/Users/margalus/Sites/cakephp/cake/libs/controller/controller.php, line 742]
2011-09-27 13:14:42 Warning: Warning (512): DbAcl::check() - Failed ARO/ACO node lookup in permissions check.  Node references:
Aro: Array
(
    [User] => Array
        (
            [id] => 1
            [username] => jmargalus
            [group_id] => 1
            [email] => jay@polymathworkshop.com
            [first_name] => Jay
            [last_name] => Margalus
        )

)

Aco: controllers/Users/initdb in [/Users/margalus/Sites/cakephp/cake/libs/controller/components/acl.php, line 273]
2011-09-27 13:14:42 Warning: Warning (2): Cannot modify header information - headers already sent by (output started at /Users/margalus/Sites/cakephp/cake/libs/debugger.php:683) in [/Users/margalus/Sites/cakephp/cake/libs/controller/controller.php, line 742]
2011-09-27 13:14:43 Warning: Warning (512): DbAcl::check() - Failed ARO/ACO node lookup in permissions check.  Node references:
Aro: Array
(
    [User] => Array
        (
            [id] => 1
            [username] => jmargalus
            [group_id] => 1
            [email] => jay@polymathworkshop.com
            [first_name] => Jay
            [last_name] => Margalus
        )

)

Aco: controllers/Users/initdb in [/Users/margalus/Sites/cakephp/cake/libs/controller/components/acl.php, line 273]
2011-09-27 13:14:43 Warning: Warning (2): Cannot modify header information - headers already sent by (output started at /Users/margalus/Sites/cakephp/cake/libs/debugger.php:683) in [/Users/margalus/Sites/cakephp/cake/libs/controller/controller.php, line 742]
2011-09-27 13:15:27 Warning: Warning (512): DbAcl::check() - Failed ARO/ACO node lookup in permissions check.  Node references:
Aro: Array
(
    [User] => Array
        (
            [id] => 2
            [username] => test_buyer
            [group_id] => 2
            [email] => jay.margalus@gmail.com
            [first_name] => Jay
            [last_name] => Margalus
        )

)

Aco: controllers/Bids/view in [/Users/margalus/Sites/cakephp/cake/libs/controller/components/acl.php, line 273]
2011-09-27 13:15:27 Warning: Warning (2): Cannot modify header information - headers already sent by (output started at /Users/margalus/Sites/cakephp/cake/libs/debugger.php:683) in [/Users/margalus/Sites/cakephp/cake/libs/controller/controller.php, line 742]
2011-09-27 14:08:20 Warning: Warning (512): <span style="color:Red;text-align:left"><b>SQL Error:</b> 1064: You have an error in your SQL syntax; check the manual that corresponds to your MySQL server version for the right syntax to use near 'send' at line 1</span> in [/Users/margalus/Sites/cakephp/cake/libs/model/datasources/dbo_source.php, line 684]
2011-09-27 14:08:24 Warning: Warning (512): <span style="color:Red;text-align:left"><b>SQL Error:</b> 1064: You have an error in your SQL syntax; check the manual that corresponds to your MySQL server version for the right syntax to use near 'send' at line 1</span> in [/Users/margalus/Sites/cakephp/cake/libs/model/datasources/dbo_source.php, line 684]
2011-09-27 14:08:39 Warning: Warning (512): <span style="color:Red;text-align:left"><b>SQL Error:</b> 1064: You have an error in your SQL syntax; check the manual that corresponds to your MySQL server version for the right syntax to use near 'send' at line 1</span> in [/Users/margalus/Sites/cakephp/cake/libs/model/datasources/dbo_source.php, line 684]
2011-09-27 14:09:01 Warning: Warning (512): <span style="color:Red;text-align:left"><b>SQL Error:</b> 1064: You have an error in your SQL syntax; check the manual that corresponds to your MySQL server version for the right syntax to use near 'send' at line 1</span> in [/Users/margalus/Sites/cakephp/cake/libs/model/datasources/dbo_source.php, line 684]
2011-09-27 14:09:33 Warning: Warning (512): <span style="color:Red;text-align:left"><b>SQL Error:</b> 1064: You have an error in your SQL syntax; check the manual that corresponds to your MySQL server version for the right syntax to use near 'send' at line 1</span> in [/Users/margalus/Sites/cakephp/cake/libs/model/datasources/dbo_source.php, line 684]
2011-09-27 14:09:36 Warning: Warning (512): <span style="color:Red;text-align:left"><b>SQL Error:</b> 1064: You have an error in your SQL syntax; check the manual that corresponds to your MySQL server version for the right syntax to use near 'send' at line 1</span> in [/Users/margalus/Sites/cakephp/cake/libs/model/datasources/dbo_source.php, line 684]
2011-09-27 14:13:14 Warning: Warning (512): <span style="color:Red;text-align:left"><b>SQL Error:</b> 1064: You have an error in your SQL syntax; check the manual that corresponds to your MySQL server version for the right syntax to use near 'send' at line 1</span> in [/Users/margalus/Sites/cakephp/cake/libs/model/datasources/dbo_source.php, line 684]
2011-09-27 14:13:48 Warning: Warning (512): <span style="color:Red;text-align:left"><b>SQL Error:</b> 1064: You have an error in your SQL syntax; check the manual that corresponds to your MySQL server version for the right syntax to use near 'send' at line 1</span> in [/Users/margalus/Sites/cakephp/cake/libs/model/datasources/dbo_source.php, line 684]
2011-09-27 14:14:00 Warning: Warning (512): <span style="color:Red;text-align:left"><b>SQL Error:</b> 1064: You have an error in your SQL syntax; check the manual that corresponds to your MySQL server version for the right syntax to use near 'send' at line 1</span> in [/Users/margalus/Sites/cakephp/cake/libs/model/datasources/dbo_source.php, line 684]
2011-09-27 14:15:42 Warning: Warning (512): <span style="color:Red;text-align:left"><b>SQL Error:</b> 1064: You have an error in your SQL syntax; check the manual that corresponds to your MySQL server version for the right syntax to use near 'send' at line 1</span> in [/Users/margalus/Sites/cakephp/cake/libs/model/datasources/dbo_source.php, line 684]
2011-09-27 14:16:36 Warning: Warning (512): <span style="color:Red;text-align:left"><b>SQL Error:</b> 1064: You have an error in your SQL syntax; check the manual that corresponds to your MySQL server version for the right syntax to use near 'send' at line 1</span> in [/Users/margalus/Sites/cakephp/cake/libs/model/datasources/dbo_source.php, line 684]
2011-09-27 14:17:21 Warning: Warning (512): <span style="color:Red;text-align:left"><b>SQL Error:</b> 1064: You have an error in your SQL syntax; check the manual that corresponds to your MySQL server version for the right syntax to use near 'send' at line 1</span> in [/Users/margalus/Sites/cakephp/cake/libs/model/datasources/dbo_source.php, line 684]
2011-09-27 14:19:14 Warning: Warning (512): <span style="color:Red;text-align:left"><b>SQL Error:</b> 1064: You have an error in your SQL syntax; check the manual that corresponds to your MySQL server version for the right syntax to use near 'send' at line 1</span> in [/Users/margalus/Sites/cakephp/cake/libs/model/datasources/dbo_source.php, line 684]
2011-09-27 14:19:20 Warning: Warning (512): <span style="color:Red;text-align:left"><b>SQL Error:</b> 1064: You have an error in your SQL syntax; check the manual that corresponds to your MySQL server version for the right syntax to use near 'send' at line 1</span> in [/Users/margalus/Sites/cakephp/cake/libs/model/datasources/dbo_source.php, line 684]
2011-09-27 14:29:35 Warning: Warning (512): <span style="color:Red;text-align:left"><b>SQL Error:</b> 1064: You have an error in your SQL syntax; check the manual that corresponds to your MySQL server version for the right syntax to use near 'send' at line 1</span> in [/Users/margalus/Sites/cakephp/cake/libs/model/datasources/dbo_source.php, line 684]
2011-09-27 14:36:36 Warning: Warning (512): <span style="color:Red;text-align:left"><b>SQL Error:</b> 1064: You have an error in your SQL syntax; check the manual that corresponds to your MySQL server version for the right syntax to use near 'send' at line 1</span> in [/Users/margalus/Sites/cakephp/cake/libs/model/datasources/dbo_source.php, line 684]
2011-09-27 14:38:58 Warning: Warning (512): <span style="color:Red;text-align:left"><b>SQL Error:</b> 1064: You have an error in your SQL syntax; check the manual that corresponds to your MySQL server version for the right syntax to use near 'send' at line 1</span> in [/Users/margalus/Sites/cakephp/cake/libs/model/datasources/dbo_source.php, line 684]
2011-09-27 14:40:32 Warning: Warning (512): <span style="color:Red;text-align:left"><b>SQL Error:</b> 1064: You have an error in your SQL syntax; check the manual that corresponds to your MySQL server version for the right syntax to use near 'send' at line 1</span> in [/Users/margalus/Sites/cakephp/cake/libs/model/datasources/dbo_source.php, line 684]
2011-09-27 14:40:38 Warning: Warning (512): <span style="color:Red;text-align:left"><b>SQL Error:</b> 1064: You have an error in your SQL syntax; check the manual that corresponds to your MySQL server version for the right syntax to use near 'send' at line 1</span> in [/Users/margalus/Sites/cakephp/cake/libs/model/datasources/dbo_source.php, line 684]
2011-09-27 14:40:43 Warning: Warning (512): <span style="color:Red;text-align:left"><b>SQL Error:</b> 1064: You have an error in your SQL syntax; check the manual that corresponds to your MySQL server version for the right syntax to use near 'send' at line 1</span> in [/Users/margalus/Sites/cakephp/cake/libs/model/datasources/dbo_source.php, line 684]
2011-09-27 14:41:48 Warning: Warning (512): <span style="color:Red;text-align:left"><b>SQL Error:</b> 1064: You have an error in your SQL syntax; check the manual that corresponds to your MySQL server version for the right syntax to use near 'send' at line 1</span> in [/Users/margalus/Sites/cakephp/cake/libs/model/datasources/dbo_source.php, line 684]
2011-09-27 14:42:00 Warning: Warning (512): <span style="color:Red;text-align:left"><b>SQL Error:</b> 1064: You have an error in your SQL syntax; check the manual that corresponds to your MySQL server version for the right syntax to use near 'send' at line 1</span> in [/Users/margalus/Sites/cakephp/cake/libs/model/datasources/dbo_source.php, line 684]
2011-09-27 14:42:14 Warning: Warning (512): <span style="color:Red;text-align:left"><b>SQL Error:</b> 1064: You have an error in your SQL syntax; check the manual that corresponds to your MySQL server version for the right syntax to use near 'send' at line 1</span> in [/Users/margalus/Sites/cakephp/cake/libs/model/datasources/dbo_source.php, line 684]
2011-09-27 14:44:01 Warning: Warning (512): <span style="color:Red;text-align:left"><b>SQL Error:</b> 1064: You have an error in your SQL syntax; check the manual that corresponds to your MySQL server version for the right syntax to use near 'send' at line 1</span> in [/Users/margalus/Sites/cakephp/cake/libs/model/datasources/dbo_source.php, line 684]
2011-09-27 14:45:05 Warning: Warning (512): <span style="color:Red;text-align:left"><b>SQL Error:</b> 1064: You have an error in your SQL syntax; check the manual that corresponds to your MySQL server version for the right syntax to use near 'send' at line 1</span> in [/Users/margalus/Sites/cakephp/cake/libs/model/datasources/dbo_source.php, line 684]
2011-09-27 14:45:15 Warning: Warning (512): <span style="color:Red;text-align:left"><b>SQL Error:</b> 1054: Unknown column 'Post.name' in 'where clause'</span> in [/Users/margalus/Sites/cakephp/cake/libs/model/datasources/dbo_source.php, line 684]
2011-09-27 14:45:15 Warning: Warning (2): Invalid argument supplied for foreach() in [/Users/margalus/Sites/usrail/views/posts/index.ctp, line 21]
2011-09-27 14:50:37 Warning: Warning (512): <span style="color:Red;text-align:left"><b>SQL Error:</b> 1054: Unknown column 'Post.name' in 'where clause'</span> in [/Users/margalus/Sites/cakephp/cake/libs/model/datasources/dbo_source.php, line 684]
2011-09-27 14:50:37 Warning: Warning (2): Invalid argument supplied for foreach() in [/Users/margalus/Sites/usrail/views/posts/index.ctp, line 21]
2011-09-27 14:50:40 Warning: Warning (512): <span style="color:Red;text-align:left"><b>SQL Error:</b> 1064: You have an error in your SQL syntax; check the manual that corresponds to your MySQL server version for the right syntax to use near 'send' at line 1</span> in [/Users/margalus/Sites/cakephp/cake/libs/model/datasources/dbo_source.php, line 684]
2011-09-27 14:52:12 Warning: Warning (512): <span style="color:Red;text-align:left"><b>SQL Error:</b> 1064: You have an error in your SQL syntax; check the manual that corresponds to your MySQL server version for the right syntax to use near 'send' at line 1</span> in [/Users/margalus/Sites/cakephp/cake/libs/model/datasources/dbo_source.php, line 684]
2011-09-27 15:00:57 Warning: Warning (512): <span style="color:Red;text-align:left"><b>SQL Error:</b> 1054: Unknown column 'Post.bid' in 'where clause'</span> in [/Users/margalus/Sites/cakephp/cake/libs/model/datasources/dbo_source.php, line 684]
2011-09-27 15:00:57 Warning: Warning (2): Invalid argument supplied for foreach() in [/Users/margalus/Sites/usrail/views/posts/index.ctp, line 21]
2011-09-27 15:01:50 Warning: Warning (512): <span style="color:Red;text-align:left"><b>SQL Error:</b> 1054: Unknown column 'Post.bid' in 'where clause'</span> in [/Users/margalus/Sites/cakephp/cake/libs/model/datasources/dbo_source.php, line 684]
2011-09-27 15:01:50 Warning: Warning (2): Invalid argument supplied for foreach() in [/Users/margalus/Sites/usrail/views/posts/index.ctp, line 21]
2011-09-27 15:02:40 Warning: Warning (512): <span style="color:Red;text-align:left"><b>SQL Error:</b> 1054: Unknown column 'Post.bid' in 'where clause'</span> in [/Users/margalus/Sites/cakephp/cake/libs/model/datasources/dbo_source.php, line 684]
2011-09-27 15:02:40 Warning: Warning (2): Invalid argument supplied for foreach() in [/Users/margalus/Sites/usrail/views/posts/index.ctp, line 21]
2011-09-27 15:06:50 Warning: Warning (512): <span style="color:Red;text-align:left"><b>SQL Error:</b> 1054: Unknown column 'Post.bid' in 'where clause'</span> in [/Users/margalus/Sites/cakephp/cake/libs/model/datasources/dbo_source.php, line 684]
2011-09-27 15:06:50 Warning: Warning (2): Invalid argument supplied for foreach() in [/Users/margalus/Sites/usrail/views/posts/index.ctp, line 21]
2011-09-27 15:07:50 Warning: Warning (512): <span style="color:Red;text-align:left"><b>SQL Error:</b> 1054: Unknown column 'Post.bid' in 'where clause'</span> in [/Users/margalus/Sites/cakephp/cake/libs/model/datasources/dbo_source.php, line 684]
2011-09-27 15:07:50 Warning: Warning (2): Invalid argument supplied for foreach() in [/Users/margalus/Sites/usrail/views/posts/index.ctp, line 21]
2011-09-27 15:15:36 Warning: Warning (512): <span style="color:Red;text-align:left"><b>SQL Error:</b> 1054: Unknown column 'Post.bid' in 'where clause'</span> in [/Users/margalus/Sites/cakephp/cake/libs/model/datasources/dbo_source.php, line 684]
2011-09-27 15:15:36 Warning: Warning (2): Invalid argument supplied for foreach() in [/Users/margalus/Sites/usrail/views/posts/index.ctp, line 21]
2011-09-27 15:34:22 Warning: Warning (512): <span style="color:Red;text-align:left"><b>SQL Error:</b> 1054: Unknown column 'Post.bid' in 'where clause'</span> in [/Users/margalus/Sites/cakephp/cake/libs/model/datasources/dbo_source.php, line 684]
2011-09-27 15:34:22 Warning: Warning (2): Invalid argument supplied for foreach() in [/Users/margalus/Sites/usrail/views/posts/index.ctp, line 21]
2011-09-27 15:35:17 Warning: Warning (512): <span style="color:Red;text-align:left"><b>SQL Error:</b> 1054: Unknown column 'Post.bid' in 'where clause'</span> in [/Users/margalus/Sites/cakephp/cake/libs/model/datasources/dbo_source.php, line 684]
2011-09-27 15:35:17 Warning: Warning (2): Invalid argument supplied for foreach() in [/Users/margalus/Sites/usrail/views/posts/index.ctp, line 21]
2011-09-27 15:35:20 Warning: Warning (512): <span style="color:Red;text-align:left"><b>SQL Error:</b> 1054: Unknown column 'Post.bid' in 'where clause'</span> in [/Users/margalus/Sites/cakephp/cake/libs/model/datasources/dbo_source.php, line 684]
2011-09-27 15:35:20 Warning: Warning (2): Invalid argument supplied for foreach() in [/Users/margalus/Sites/usrail/views/posts/index.ctp, line 21]
2011-09-27 15:36:27 Warning: Warning (2): array_merge() [<a href='http://php.net/function.array-merge'>function.array-merge</a>]: Argument #2 is not an array in [/Users/margalus/Sites/cakephp/cake/libs/view/helpers/form.php, line 241]
2011-09-27 15:36:27 Warning: Warning (2): array_merge() [<a href='http://php.net/function.array-merge'>function.array-merge</a>]: Argument #2 is not an array in [/Users/margalus/Sites/cakephp/cake/libs/view/helpers/form.php, line 714]
2011-09-27 15:45:19 Warning: Warning (512): DbAcl::check() - Failed ARO/ACO node lookup in permissions check.  Node references:
Aro: Array
(
    [User] => Array
        (
            [id] => 2
            [username] => test_buyer
            [group_id] => 2
            [email] => jay.margalus@gmail.com
            [first_name] => Jay
            [last_name] => Margalus
        )

)

Aco: controllers/Posts/email in [/Users/margalus/Sites/cakephp/cake/libs/controller/components/acl.php, line 273]
2011-09-27 15:45:19 Warning: Warning (2): Cannot modify header information - headers already sent by (output started at /Users/margalus/Sites/cakephp/cake/libs/debugger.php:683) in [/Users/margalus/Sites/cakephp/cake/libs/controller/controller.php, line 742]
2011-09-27 15:46:15 Warning: Warning (512): <span style="color:Red;text-align:left"><b>SQL Error:</b> 1064: You have an error in your SQL syntax; check the manual that corresponds to your MySQL server version for the right syntax to use near 'send' at line 1</span> in [/Users/margalus/Sites/cakephp/cake/libs/model/datasources/dbo_source.php, line 684]
2011-09-27 15:51:51 Warning: Warning (2): Cannot modify header information - headers already sent by (output started at /Users/margalus/Sites/cakephp/cake/libs/debugger.php:683) in [/Users/margalus/Sites/cakephp/cake/libs/controller/controller.php, line 742]
2011-09-27 15:52:24 Warning: Warning (2): Cannot modify header information - headers already sent by (output started at /Users/margalus/Sites/cakephp/cake/libs/debugger.php:683) in [/Users/margalus/Sites/cakephp/cake/libs/controller/controller.php, line 742]
2011-09-27 15:53:38 Warning: Warning (2): Cannot modify header information - headers already sent by (output started at /Users/margalus/Sites/cakephp/cake/libs/debugger.php:683) in [/Users/margalus/Sites/cakephp/cake/libs/controller/controller.php, line 742]
2011-09-27 15:54:28 Warning: Warning (2): Cannot modify header information - headers already sent by (output started at /Users/margalus/Sites/cakephp/cake/libs/debugger.php:683) in [/Users/margalus/Sites/cakephp/cake/libs/controller/controller.php, line 742]
2011-09-27 15:54:33 Warning: Warning (2): Cannot modify header information - headers already sent by (output started at /Users/margalus/Sites/cakephp/cake/libs/debugger.php:683) in [/Users/margalus/Sites/cakephp/cake/libs/controller/controller.php, line 742]
2011-09-27 15:55:32 Warning: Warning (2): Cannot modify header information - headers already sent by (output started at /Users/margalus/Sites/cakephp/cake/libs/debugger.php:683) in [/Users/margalus/Sites/cakephp/cake/libs/controller/controller.php, line 742]
2011-09-27 15:55:35 Warning: Warning (2): Cannot modify header information - headers already sent by (output started at /Users/margalus/Sites/cakephp/cake/libs/debugger.php:683) in [/Users/margalus/Sites/cakephp/cake/libs/controller/controller.php, line 742]
2011-09-27 15:56:25 Warning: Warning (2): Cannot modify header information - headers already sent by (output started at /Users/margalus/Sites/cakephp/cake/libs/debugger.php:683) in [/Users/margalus/Sites/cakephp/cake/libs/controller/controller.php, line 742]
2011-09-27 16:10:22 Warning: Warning (2): Cannot modify header information - headers already sent by (output started at /Users/margalus/Sites/cakephp/cake/libs/debugger.php:683) in [/Users/margalus/Sites/cakephp/cake/libs/controller/controller.php, line 742]
2011-09-27 16:12:14 Warning: Warning (2): Cannot modify header information - headers already sent by (output started at /Users/margalus/Sites/cakephp/cake/libs/debugger.php:683) in [/Users/margalus/Sites/cakephp/cake/libs/controller/controller.php, line 742]
2011-09-27 16:12:53 Warning: Warning (2): Cannot modify header information - headers already sent by (output started at /Users/margalus/Sites/cakephp/cake/libs/debugger.php:683) in [/Users/margalus/Sites/cakephp/cake/libs/controller/controller.php, line 742]
2011-09-27 16:13:11 Warning: Warning (2): Cannot modify header information - headers already sent by (output started at /Users/margalus/Sites/cakephp/cake/libs/debugger.php:683) in [/Users/margalus/Sites/cakephp/cake/libs/controller/controller.php, line 742]
2011-09-27 16:19:57 Warning: Warning (2): Cannot modify header information - headers already sent by (output started at /Users/margalus/Sites/cakephp/cake/libs/debugger.php:683) in [/Users/margalus/Sites/cakephp/cake/libs/controller/controller.php, line 742]
2011-09-27 16:20:18 Warning: Warning (2): Cannot modify header information - headers already sent by (output started at /Users/margalus/Sites/cakephp/cake/libs/debugger.php:683) in [/Users/margalus/Sites/cakephp/cake/libs/controller/controller.php, line 742]
2011-09-27 16:22:44 Warning: Warning (2): Cannot modify header information - headers already sent by (output started at /Users/margalus/Sites/cakephp/cake/libs/debugger.php:683) in [/Users/margalus/Sites/cakephp/cake/libs/controller/controller.php, line 742]
2011-09-27 16:22:54 Warning: Warning (2): Cannot modify header information - headers already sent by (output started at /Users/margalus/Sites/cakephp/cake/libs/debugger.php:683) in [/Users/margalus/Sites/cakephp/cake/libs/controller/controller.php, line 742]
2011-10-21 10:23:30 Warning: Warning (2): mysql_connect() [<a href='http://php.net/function.mysql-connect'>function.mysql-connect</a>]: Can't connect to local MySQL server through socket '/Applications/MAMP/tmp/mysql/mysql.sock' (2) in [/Users/margalus/Sites/cakephp/cake/libs/model/datasources/dbo/dbo_mysql.php, line 561]
2011-10-21 10:23:30 Warning: Warning (2): mysql_query(): supplied argument is not a valid MySQL-Link resource in [/Users/margalus/Sites/cakephp/cake/libs/model/datasources/dbo/dbo_mysql.php, line 613]
2011-10-21 10:23:31 Warning: Warning (2): Cannot modify header information - headers already sent by (output started at /Users/margalus/Sites/cakephp/cake/libs/debugger.php:683) in [/Users/margalus/Sites/cakephp/cake/libs/controller/controller.php, line 742]
